make.exe all --print-data-base --no-builtin-variables --no-builtin-rules --question
make: *** No rule to make target 'all'.  Stop.

# GNU Make 4.3
# Built for Windows32
# Copyright (C) 1988-2020 Free Software Foundation, Inc.
# License GPLv3+: GNU GPL version 3 or later <http://gnu.org/licenses/gpl.html>
# This is free software: you are free to change and redistribute it.
# There is NO WARRANTY, to the extent permitted by law.

# Make data base, printed on Mon May 08 06:10:34 2023

# Variables

# environment
FPS_BROWSER_APP_PROFILE_STRING = Internet Explorer
# environment
SYSTEMDRIVE = C:
# environment
LC_ALL = C
# environment
USERPROFILE = C:\Users\DNS
# environment
LOCALAPPDATA = C:\Users\DNS\AppData\Local
# environment
MSMPI_LIB64 = C:\Program Files (x86)\Microsoft SDKs\MPI\Lib\x64\
# environment
VSCODE_CRASH_REPORTER_PROCESS_TYPE = extensionHost
# environment
VSCODE_CWD = C:\GitHub\DanSoW\articles-projects\gin-swagger
# environment
CHOCOLATEYINSTALL = C:\ProgramData\chocolatey
# environment
SYSTEMROOT = C:\Windows
# environment
PROCESSOR_LEVEL = 23
# environment
PSMODULEPATH = C:\Program Files (x86)\WindowsPowerShell\Modules;C:\Windows\system32\WindowsPowerShell\v1.0\Modules;C:\Program Files (x86)\Microsoft SQL Server\150\Tools\PowerShell\Modules\
# default
MAKE_COMMAND := C:/ProgramData/chocolatey/lib/make/tools/install/bin/make.exe
# environment
GOPATH = C:\Users\DNS\go
# automatic
@D = $(patsubst %/,%,$(patsubst %\,%,$(dir $@)))
# environment
CHROME_CRASHPAD_PIPE_NAME = \\.\pipe\LOCAL\crashpad_26740_VBUSWGNGPEHFSHNE
# environment
VS160COMCOMNTOOLS = C:\Program Files (x86)\Microsoft Visual Studio\2019\Community\Common7\Tools\
# environment
FPS_BROWSER_USER_PROFILE_STRING = Default
# environment
VSCODE_HANDLES_UNCAUGHT_ERRORS = true
# default
.VARIABLES := 
# automatic
%D = $(patsubst %/,%,$(patsubst %\,%,$(dir $%)))
# environment
SPLM_LICENSE_SERVER = 27800@DESKTOP-15H6FG4
# automatic
^D = $(patsubst %/,%,$(patsubst %\,%,$(dir $^)))
# automatic
%F = $(notdir $%)
# environment
VSCODE_CODE_CACHE_PATH = C:\Users\DNS\AppData\Roaming\Code\CachedData\252e5463d60e63238250799aef7375787f68b4ee
# environment
LANG = C
# default
.LOADED := 
# environment
TMP = C:\Users\DNS\AppData\Local\Temp
# default
.INCLUDE_DIRS = .
# environment
PROCESSOR_ARCHITEW6432 = AMD64
# makefile
MAKEFLAGS = pqrR
# environment
PTC_D_LICENSE_FILE = C:\PTC License\PTC.LICENSE.WINDOWS.2021-03-11-SSQ\PTC_D_SSQ.dat
# environment
ONEDRIVE = C:\Users\DNS\OneDrive
# environment
INTELLIJ IDEA COMMUNITY EDITION = C:\Program Files\JetBrains\IntelliJ IDEA Community Edition 2020.3.1\bin;
# makefile
CURDIR := c:/GitHub/DanSoW/articles-projects/gin-swagger
# environment
APPLICATION_INSIGHTS_NO_DIAGNOSTIC_CHANNEL = 1
# automatic
*D = $(patsubst %/,%,$(patsubst %\,%,$(dir $*)))
# environment
PROGRAMFILES = C:\Program Files (x86)
# environment
MFLAGS = -pqrR
# default
.SHELLFLAGS := -c
# environment
COMMONPROGRAMW6432 = C:\Program Files\Common Files
# environment
POSTGIS_ENABLE_OUTDB_RASTERS = 1
# automatic
+D = $(patsubst %/,%,$(patsubst %\,%,$(dir $+)))
# makefile (from 'Makefile', line 1)
MAKEFILE_LIST := Makefile
# automatic
@F = $(notdir $@)
# environment
VSCODE_PID = 26740
# automatic
?D = $(patsubst %/,%,$(patsubst %\,%,$(dir $?)))
# environment
MSMPI_BIN = C:\Program Files\Microsoft MPI\Bin\
# automatic
*F = $(notdir $*)
# environment
UGII_LANG = russian
# automatic
<D = $(patsubst %/,%,$(patsubst %\,%,$(dir $<)))
# environment
VSCODE_NLS_CONFIG = {"locale":"en-us","osLocale":"ru","availableLanguages":{},"_languagePackSupport":true}
# default
MAKE_HOST := Windows32
# environment
PROGRAMDATA = C:\ProgramData
# default
SHELL := sh.exe
# environment
HOMEPATH = \Users\DNS
# default
MAKECMDGOALS := all
# environment
MYSQLCONNECTOR_ASSEMBLIESPATH = C:\Program Files (x86)\MySQL\Connector NET 8.0\Assemblies\v4.5.2
# environment
PROJ_LIB = C:\Program Files\PostgreSQL\15\share\contrib\postgis-3.3\proj
# environment
DRIVERDATA = C:\Windows\System32\Drivers\DriverData
# environment
COMSPEC = C:\Windows\system32\cmd.exe
# environment
WINDIR = C:\Windows
# environment
MAKELEVEL := 0
# default
MAKE = $(MAKE_COMMAND)
# environment
PATH = C:\Program Files\Microsoft\jdk-11.0.12.7-hotspot\bin;C:\Python310\Scripts\;C:\Python310\;C:\Program Files (x86)\Embarcadero\Studio\21.0\bin;C:\Users\Public\Documents\Embarcadero\Studio\21.0\Bpl;C:\Program Files (x86)\Embarcadero\Studio\21.0\bin64;C:\Users\Public\Documents\Embarcadero\Studio\21.0\Bpl\Win64;C:\Program Files\Microsoft MPI\Bin\;C:\Program Files (x86)\Windows Resource Kits\Tools\;C:\Program Files\Common Files\Oracle\Java\javapath;C:\Program Files (x86)\Common Files\Oracle\Java\javapath;C:\Windows\system32;C:\Windows;C:\Windows\System32\Wbem;C:\Windows\System32\WindowsPowerShell\v1.0\;C:\Windows\System32\OpenSSH\;C:\Program Files\Microsoft SQL Server\Client SDK\ODBC\170\Tools\Binn\;C:\Program Files\Git\cmd;C:\Program Files\Microsoft SQL Server\150\Tools\Binn\;C:\Program Files (x86)\Microsoft SQL Server\150\Tools\Binn\;C:\Program Files (x86)\Microsoft SQL Server\150\DTS\Binn\;C:\Program Files\Microsoft SQL Server\150\DTS\Binn\;C:\Program Files\Azure Data Studio\bin;C:\ProgramData\chocolatey\bin;C:\ProgramData\ComposerSetup\bin;C:\Program Files\dotnet\;C:\Program Files\PuTTY\;C:\Program Files\Go\bin;C:\Rational Rose\common;C:\Delphi7\Bin;C:\Delphi7\Projects\Bpl;C:\Program Files\Docker\Docker\resources\bin;C:\php;C:\Program Files\nodejs\;C:\Program Files\MySQL\MySQL Shell 8.0\bin\;C:\Users\DNS\AppData\Local\Microsoft\WindowsApps;C:\Microsoft VS Code\bin;C:\Program Files\JetBrains\IntelliJ IDEA Community Edition 2020.3.1\bin;;C:\Users\DNS\AppData\Local\GitHubDesktop\bin;C:\Users\DNS\.dotnet\tools;C:\Program Files\Azure Data Studio\bin;C:\Users\DNS\AppData\Roaming\Composer\vendor\bin;C:\Users\DNS\go\bin;C:\Users\DNS\yandex-cloud\bin;C:\Program Files\JetBrains\PyCharm Community Edition 2022.3.3\bin;;C:\Users\DNS\AppData\Roaming\npm
# environment
COMPUTERNAME = DESKTOP-15H6FG4
# default
MAKEFILES := 
# automatic
^F = $(notdir $^)
# environment
PROMPT = $P$G
# environment
OPENSSL_CONF = C:\Program Files\PostgreSQL\psqlODBC\etc\openssl.cnf
# environment
CHOCOLATEYLASTPATHUPDATE = 132825732463987465
# environment
GDAL_DATA = C:\Program Files\PostgreSQL\15\gdal-data
# environment
LOGONSERVER = \\DESKTOP-15H6FG4
# environment
USERNAME = DaniilSolopov
# environment
COMMONPROGRAMFILES = C:\Program Files (x86)\Common Files
# automatic
?F = $(notdir $?)
# environment
PROGRAMW6432 = C:\Program Files
# environment
MSMPI_LIB32 = C:\Program Files (x86)\Microsoft SDKs\MPI\Lib\x86\
# environment
PATHEXT = .COM;.EXE;.BAT;.CMD;.VBS;.VBE;.JS;.JSE;.WSF;.WSH;.MSC;.PY;.PYW
# automatic
+F = $(notdir $+)
# environment
ORIGINAL_XDG_CURRENT_DESKTOP = undefined
# environment
USERDOMAIN = DESKTOP-15H6FG4
# 'override' directive
GNUMAKEFLAGS := 
# environment
OS = Windows_NT
# environment
MSMPI_BENCHMARKS = C:\Program Files\Microsoft MPI\Benchmarks\
# makefile
.DEFAULT_GOAL := run
# default
MAKE_VERSION := 4.3
# environment
PROGRAMFILES(X86) = C:\Program Files (x86)
# environment
GRAPHVIZ = C:\Graphviz\bin
# environment
USERDOMAIN_ROAMINGPROFILE = DESKTOP-15H6FG4
# environment
NUMBER_OF_PROCESSORS = 16
# environment
NODE_TLS_REJECT_UNAUTHORIZED = 0
# environment
PUBLIC = C:\Users\Public
# environment
APPDATA = C:\Users\DNS\AppData\Roaming
# environment
HOMEDRIVE = C:
# environment
PROCESSOR_ARCHITECTURE = x86
# environment
PYCHARM COMMUNITY EDITION = C:\Program Files\JetBrains\PyCharm Community Edition 2022.3.3\bin;
# environment
GOMODCACHE = C:\Users\DNS\go\pkg\mod
# environment
VSCODE_AMD_ENTRYPOINT = vs/workbench/api/node/extensionHostProcess
# environment
COMMONPROGRAMFILES(X86) = C:\Program Files (x86)\Common Files
# environment
MSMPI_INC = C:\Program Files (x86)\Microsoft SDKs\MPI\Include\
# environment
ELECTRON_RUN_AS_NODE = 1
# environment
TEMP = C:\Users\DNS\AppData\Local\Temp
# environment
VSCODE_IPC_HOOK = \\.\pipe\839a01fcdc8df2d52caf6c69b2bc18aa-1.78.0-main-sock
# environment
POSTGIS_GDAL_ENABLED_DRIVERS = GTiff PNG JPEG GIF XYZ DTED USGSDEM AAIGrid
# environment
GOPROXY = https://proxy.golang.org,direct
# default
.RECIPEPREFIX := 
# automatic
<F = $(notdir $<)
# environment
VSCODE_CRASH_REPORTER_SANDBOXED_HINT = 1
# default
SUFFIXES := 
# environment
ALLUSERSPROFILE = C:\ProgramData
# environment
SESSIONNAME = Console
# default
.FEATURES := target-specific order-only second-expansion else-if shortest-stem undefine oneshell nocomment grouped-target extra-prereqs archives jobserver output-sync load
# environment
PROCESSOR_REVISION = 6001
# environment
PROCESSOR_IDENTIFIER = AMD64 Family 23 Model 96 Stepping 1, AuthenticAMD
# variable set hash-table stats:
# Load=115/1024=11%, Rehash=0, Collisions=8/142=6%

# Pattern-specific Variable Values

# No pattern-specific variable values.

# Directories

# . (key c:/GitHub/DanSoW/articles-projects/gin-swagger, mtime 1683497423): 25 files, no impossibilities.

# 25 files, no impossibilities in 1 directories.

# Implicit Rules

# No implicit rules.

# Files

docker-run-dev:
#  Implicit rule search has not been done.
#  Modification time never checked.
#  File has not been updated.
#  recipe to execute (from 'Makefile', line 34):
	docker run -d -p 3000:3000 -v "C:\Projects\DevelopmentProjects\rental-housing\server-app-main:/server-app-main" --env-file .env --rm --name rh-server-main-container rh-server-main-image:latest 

# Not a target:
Makefile:
#  Implicit rule search has been done.
#  Last modified 2023-05-08 02:02:35
#  File has been updated.
#  Successfully updated.

docker-start:
#  Implicit rule search has not been done.
#  Modification time never checked.
#  File has not been updated.
#  recipe to execute (from 'Makefile', line 42):
	docker start rh-server-main-container

# Not a target:
.DEFAULT:
#  Implicit rule search has not been done.
#  Modification time never checked.
#  File has not been updated.

# Not a target:
all:
#  Command line target.
#  Implicit rule search has been done.
#  File does not exist.
#  File has not been updated.

run:
#  Implicit rule search has not been done.
#  Modification time never checked.
#  File has not been updated.
#  recipe to execute (from 'Makefile', line 3):
	go run cmd/main.go

doc:
#  Implicit rule search has not been done.
#  Modification time never checked.
#  File has not been updated.
#  recipe to execute (from 'Makefile', line 11):
	swag init -g cmd/main.go

init-packages:
#  Implicit rule search has not been done.
#  Modification time never checked.
#  File has not been updated.
#  recipe to execute (from 'Makefile', line 15):
	powershell ".\init-packages.ps1" -separator "`;" -path '.\requirements.go.txt'

build:
#  Implicit rule search has not been done.
#  Modification time never checked.
#  File has not been updated.
#  recipe to execute (from 'Makefile', line 7):
	go build cmd/main.go

migrate_up:
#  Implicit rule search has not been done.
#  Modification time never checked.
#  File has not been updated.
#  recipe to execute (from 'Makefile', line 19):
	migrate -path ./database/schema -database 'postgres://postgres:iJ%23Q%40LKpkawf-%29%241l25%2Cm12l5kkm%3CTNN%40IY%29%2ADGjnlQ%23BN@localhost:5432/db_rental_housing_main?sslmode=disable' up

migrate_down:
#  Implicit rule search has not been done.
#  Modification time never checked.
#  File has not been updated.
#  recipe to execute (from 'Makefile', line 22):
	migrate -path ./database/schema -database 'postgres://postgres:iJ%23Q%40LKpkawf-%29%241l25%2Cm12l5kkm%3CTNN%40IY%29%2ADGjnlQ%23BN@localhost:5432/db_rental_housing_main?sslmode=disable' down

docker-build:
#  Implicit rule search has not been done.
#  Modification time never checked.
#  File has not been updated.
#  recipe to execute (from 'Makefile', line 26):
	docker build -t rh-server-main-image:latest .

docker-run:
#  Implicit rule search has not been done.
#  Modification time never checked.
#  File has not been updated.
#  recipe to execute (from 'Makefile', line 30):
	docker run -d -p 3000:3000 --env-file .env --rm --name rh-server-main-container rh-server-main-image:latest

docker-stop:
#  Implicit rule search has not been done.
#  Modification time never checked.
#  File has not been updated.
#  recipe to execute (from 'Makefile', line 38):
	docker stop rh-server-main-container

# files hash-table stats:
# Load=15/1024=1%, Rehash=0, Collisions=1/25=4%
# VPATH Search Paths

# No 'vpath' search paths.

# No general ('VPATH' variable) search path.

# strcache buffers: 1 (0) / strings = 39 / storage = 374 B / avg = 9 B
# current buf: size = 8174 B / used = 374 B / count = 39 / avg = 9 B

# strcache performance: lookups = 54 / hit rate = 27%
# hash-table stats:
# Load=39/8192=0%, Rehash=0, Collisions=0/54=0%
# Finished Make data base on Mon May 08 06:10:34 2023

 
